app/build/outputs/logs/manifest-merger-release-report.txt
-- Merging decision tree log ---
manifest
ADDED from src\main\AndroidManifest.xml:1:1-626:12
INJECTED from src\main\AndroidManifest.xml:1:1-626:12
INJECTED from src\main\AndroidManifest.xml:1:1-626:12
INJECTED from src\main\AndroidManifest.xml:1:1-626:12
MERGED from [:avchatkit] AndroidManifest.xml:2:1-44:12
MERGED from [:faceunity] AndroidManifest.xml:2:1-15:12
MERGED from [com.android.support:design:26.1.0] AndroidManifest.xml:17:1-31:12
MERGED from [com.android.support:appcompat-v7:26.1.0] AndroidManifest.xml:17:1-31:12
MERGED from [com.android.support.constraint:constraint-layout:1.1.2] AndroidManifest.xml:2:1-11:12
MERGED from [com.android.support:multidex:1.0.2] AndroidManifest.xml:17:1-22:12
MERGED from [com.android.support:animated-vector-drawable:26.1.0] AndroidManifest.xml:17:1-28:12
MERGED from [com.android.support:support-vector-drawable:26.1.0] AndroidManifest.xml:17:1-28:12
MERGED from [com.android.support:recyclerview-v7:26.1.0] AndroidManifest.xml:17:1-28:12
MERGED from [com.android.support:transition:26.1.0] AndroidManifest.xml:17:1-28:12
MERGED from [org.adw.library:discrete-seekbar:1.0.1] AndroidManifest.xml:17:1-30:12
MERGED from [com.android.support:support-v4:26.1.0] AndroidManifest.xml:17:1-31:12
MERGED from [com.android.support:support-fragment:26.1.0] AndroidManifest.xml:17:1-31:12
MERGED from [com.android.support:support-core-ui:26.1.0] AndroidManifest.xml:17:1-31:12
MERGED from [com.android.support:support-media-compat:26.1.0] AndroidManifest.xml:17:1-31:12
MERGED from [com.android.support:support-core-utils:26.1.0] AndroidManifest.xml:17:1-31:12
MERGED from [com.android.support:support-compat:26.1.0] AndroidManifest.xml:17:1-31:12
MERGED from [android.arch.lifecycle:runtime:1.0.0] AndroidManifest.xml:17:1-30:12
INJECTED from src\main\AndroidManifest.xml:1:1-626:12
INJECTED from src\main\AndroidManifest.xml:1:1-626:12
INJECTED from src\main\AndroidManifest.xml:1:1-626:12
	package
		ADDED from src\main\AndroidManifest.xml:2:5-38
		INJECTED from src\main\AndroidManifest.xml
		INJECTED from src\main\AndroidManifest.xml
	android:versionName
		ADDED from src\main\AndroidManifest.xml:4:5-34
		INJECTED from src\main\AndroidManifest.xml
		INJECTED from src\main\AndroidManifest.xml
	xmlns:android
		ADDED from src\main\AndroidManifest.xml:1:11-69
	android:versionCode
		ADDED from src\main\AndroidManifest.xml:3:5-32
		INJECTED from src\main\AndroidManifest.xml
		INJECTED from src\main\AndroidManifest.xml
supports-screens
ADDED from src\main\AndroidManifest.xml:6:5-11:39
	android:largeScreens
		ADDED from src\main\AndroidManifest.xml:8:9-36
	android:smallScreens
		ADDED from src\main\AndroidManifest.xml:11:9-36
	android:normalScreens
		ADDED from src\main\AndroidManifest.xml:9:9-37
	android:resizeable
		ADDED from src\main\AndroidManifest.xml:10:9-34
	android:anyDensity
		ADDED from src\main\AndroidManifest.xml:7:9-34
uses-sdk
ADDED from src\main\AndroidManifest.xml:13:5-43
INJECTED from src\main\AndroidManifest.xml:13:5-43
INJECTED from src\main\AndroidManifest.xml:13:5-43
MERGED from [:avchatkit] AndroidManifest.xml:7:5-9:41
MERGED from [:avchatkit] AndroidManifest.xml:7:5-9:41
MERGED from [:faceunity] AndroidManifest.xml:5:5-7:41
MERGED from [:faceunity] AndroidManifest.xml:5:5-7:41
MERGED from [com.android.support:design:26.1.0] AndroidManifest.xml:21:5-23:62
MERGED from [com.android.support:design:26.1.0] AndroidManifest.xml:21:5-23:62
MERGED from [com.android.support:appcompat-v7:26.1.0] AndroidManifest.xml:21:5-23:78
MERGED from [com.android.support:appcompat-v7:26.1.0] AndroidManifest.xml:21:5-23:78
MERGED from [com.android.support.constraint:constraint-layout:1.1.2] AndroidManifest.xml:5:5-7:41
MERGED from [com.android.support.constraint:constraint-layout:1.1.2] AndroidManifest.xml:5:5-7:41
MERGED from [com.android.support:multidex:1.0.2] AndroidManifest.xml:20:5-43
MERGED from [com.android.support:multidex:1.0.2] AndroidManifest.xml:20:5-43
MERGED from [com.android.support:animated-vector-drawable:26.1.0] AndroidManifest.xml:20:5-44
MERGED from [com.android.support:animated-vector-drawable:26.1.0] AndroidManifest.xml:20:5-44
MERGED from [com.android.support:support-vector-drawable:26.1.0] AndroidManifest.xml:20:5-44
MERGED from [com.android.support:support-vector-drawable:26.1.0] AndroidManifest.xml:20:5-44
MERGED from [com.android.support:recyclerview-v7:26.1.0] AndroidManifest.xml:20:5-44
MERGED from [com.android.support:recyclerview-v7:26.1.0] AndroidManifest.xml:20:5-44
MERGED from [com.android.support:transition:26.1.0] AndroidManifest.xml:20:5-44
MERGED from [com.android.support:transition:26.1.0] AndroidManifest.xml:20:5-44
MERGED from [org.adw.library:discrete-seekbar:1.0.1] AndroidManifest.xml:23:5-25:41
MERGED from [org.adw.library:discrete-seekbar:1.0.1] AndroidManifest.xml:23:5-25:41
MERGED from [com.android.support:support-v4:26.1.0] AndroidManifest.xml:21:5-23:54
MERGED from [com.android.support:support-v4:26.1.0] AndroidManifest.xml:21:5-23:54
MERGED from [com.android.support:support-fragment:26.1.0] AndroidManifest.xml:21:5-23:60
MERGED from [com.android.support:support-fragment:26.1.0] AndroidManifest.xml:21:5-23:60
MERGED from [com.android.support:support-core-ui:26.1.0] AndroidManifest.xml:21:5-23:58
MERGED from [com.android.support:support-core-ui:26.1.0] AndroidManifest.xml:21:5-23:58
MERGED from [com.android.support:support-media-compat:26.1.0] AndroidManifest.xml:21:5-23:63
MERGED from [com.android.support:support-media-compat:26.1.0] AndroidManifest.xml:21:5-23:63
MERGED from [com.android.support:support-core-utils:26.1.0] AndroidManifest.xml:21:5-23:61
MERGED from [com.android.support:support-core-utils:26.1.0] AndroidManifest.xml:21:5-23:61
MERGED from [com.android.support:support-compat:26.1.0] AndroidManifest.xml:21:5-23:58
MERGED from [com.android.support:support-compat:26.1.0] AndroidManifest.xml:21:5-23:58
MERGED from [android.arch.lifecycle:runtime:1.0.0] AndroidManifest.xml:20:5-22:41
MERGED from [android.arch.lifecycle:runtime:1.0.0] AndroidManifest.xml:20:5-22:41
INJECTED from src\main\AndroidManifest.xml:13:5-43
INJECTED from src\main\AndroidManifest.xml:13:5-43
	tools:overrideLibrary
		ADDED from [com.android.support:design:26.1.0] AndroidManifest.xml:23:9-59
	android:targetSdkVersion
		INJECTED from src\main\AndroidManifest.xml
		ADDED from src\main\AndroidManifest.xml:13:5-43
		INJECTED from src\main\AndroidManifest.xml
	android:minSdkVersion
		ADDED from src\main\AndroidManifest.xml:13:15-40
		INJECTED from src\main\AndroidManifest.xml
		INJECTED from src\main\AndroidManifest.xml
uses-permission#android.permission.INTERNET
ADDED from src\main\AndroidManifest.xml:16:5-67
	android:name
		ADDED from src\main\AndroidManifest.xml:16:22-64
uses-permission#android.permission.WRITE_EXTERNAL_STORAGE
ADDED from src\main\AndroidManifest.xml:18:5-81
	android:name
		ADDED from src\main\AndroidManifest.xml:18:22-78
uses-permission#android.permission.ACCESS_NETWORK_STATE
ADDED from src\main\AndroidManifest.xml:20:5-79
MERGED from [:avchatkit] AndroidManifest.xml:11:5-79
MERGED from [:avchatkit] AndroidManifest.xml:11:5-79
	android:name
		ADDED from src\main\AndroidManifest.xml:20:22-76
uses-permission#android.permission.GET_TASKS
ADDED from src\main\AndroidManifest.xml:21:5-68
	android:name
		ADDED from src\main\AndroidManifest.xml:21:22-65
uses-permission#android.permission.RECORD_AUDIO
ADDED from src\main\AndroidManifest.xml:27:5-71
	android:name
		ADDED from src\main\AndroidManifest.xml:27:22-68
uses-permission#android.permission.MODIFY_AUDIO_SETTINGS
ADDED from src\main\AndroidManifest.xml:29:5-80
	android:name
		ADDED from src\main\AndroidManifest.xml:29:22-77
uses-permission#android.permission.CAMERA
ADDED from src\main\AndroidManifest.xml:35:5-65
	android:name
		ADDED from src\main\AndroidManifest.xml:35:22-62
uses-feature#android.hardware.camera
ADDED from src\main\AndroidManifest.xml:37:5-60
	android:name
		ADDED from src\main\AndroidManifest.xml:37:19-57
uses-permission#android.permission.GET_ACCOUNTS
ADDED from src\main\AndroidManifest.xml:43:5-71
	android:name
		ADDED from src\main\AndroidManifest.xml:43:22-68
uses-permission#android.permission.WRITE_CONTACTS
ADDED from src\main\AndroidManifest.xml:44:5-73
	android:name
		ADDED from src\main\AndroidManifest.xml:44:22-70
uses-permission#android.permission.READ_CONTACTS
ADDED from src\main\AndroidManifest.xml:45:5-72
	android:name
		ADDED from src\main\AndroidManifest.xml:45:22-69
uses-permission#android.permission.WAKE_LOCK
ADDED from src\main\AndroidManifest.xml:51:5-68
	android:name
		ADDED from src\main\AndroidManifest.xml:51:22-65
uses-permission#android.permission.VIBRATE
ADDED from src\main\AndroidManifest.xml:53:5-66
	android:name
		ADDED from src\main\AndroidManifest.xml:53:22-63
uses-permission#android.permission.CALL_PHONE
ADDED from src\main\AndroidManifest.xml:55:5-69
	android:name
		ADDED from src\main\AndroidManifest.xml:55:22-66
uses-permission#android.permission.ACCESS_WIFI_STATE
ADDED from src\main\AndroidManifest.xml:57:5-76
MERGED from [:avchatkit] AndroidManifest.xml:12:5-76
MERGED from [:avchatkit] AndroidManifest.xml:12:5-76
	android:name
		ADDED from src\main\AndroidManifest.xml:57:22-73
uses-permission#android.permission.READ_PHONE_STATE
ADDED from src\main\AndroidManifest.xml:60:5-75
	android:name
		ADDED from src\main\AndroidManifest.xml:60:22-72
uses-permission#android.permission.SEND_SMS
ADDED from src\main\AndroidManifest.xml:69:5-67
	android:name
		ADDED from src\main\AndroidManifest.xml:69:22-64
uses-permission#android.permission.WRITE_SMS
ADDED from src\main\AndroidManifest.xml:70:5-68
	android:name
		ADDED from src\main\AndroidManifest.xml:70:22-65
uses-permission#android.permission.READ_SMS
ADDED from src\main\AndroidManifest.xml:71:5-67
	android:name
		ADDED from src\main\AndroidManifest.xml:71:22-64
uses-permission#com.android.launcher.permission.INSTALL_SHORTCUT
ADDED from src\main\AndroidManifest.xml:79:5-88
	android:name
		ADDED from src\main\AndroidManifest.xml:79:22-85
uses-permission#com.android.launcher.permission.UNINSTALL_SHORTCUT
ADDED from src\main\AndroidManifest.xml:80:5-90
	android:name
		ADDED from src\main\AndroidManifest.xml:80:22-87
uses-feature#android.hardware.camera.autofocus
ADDED from src\main\AndroidManifest.xml:89:5-70
	android:name
		ADDED from src\main\AndroidManifest.xml:89:19-67
uses-permission#android.permission.FLASHLIGHT
ADDED from src\main\AndroidManifest.xml:92:5-69
	android:name
		ADDED from src\main\AndroidManifest.xml:92:22-66
uses-permission#android.permission.ACCESS_COARSE_LOCATION
ADDED from src\main\AndroidManifest.xml:100:5-81
	android:name
		ADDED from src\main\AndroidManifest.xml:100:22-78
uses-permission#android.permission.ACCESS_FINE_LOCATION
ADDED from src\main\AndroidManifest.xml:101:5-79
	android:name
		ADDED from src\main\AndroidManifest.xml:101:22-76
uses-permission#android.permission.WRITE_SETTINGS
ADDED from src\main\AndroidManifest.xml:102:5-73
	android:name
		ADDED from src\main\AndroidManifest.xml:102:22-70
uses-permission#android.permission.CHANGE_WIFI_STATE
ADDED from src\main\AndroidManifest.xml:104:5-76
	android:name
		ADDED from src\main\AndroidManifest.xml:104:22-73
uses-permission#android.permission.MOUNT_UNMOUNT_FILESYSTEMS
ADDED from src\main\AndroidManifest.xml:106:5-84
	android:name
		ADDED from src\main\AndroidManifest.xml:106:22-81
uses-permission#android.permission.READ_LOGS
ADDED from src\main\AndroidManifest.xml:107:5-68
	android:name
		ADDED from src\main\AndroidManifest.xml:107:22-65
uses-permission#android.permission.RECEIVE_BOOT_COMPLETED
ADDED from src\main\AndroidManifest.xml:157:5-81
	android:name
		ADDED from src\main\AndroidManifest.xml:157:22-78
uses-permission#getui.permission.GetuiService.io.dcloud.jiahucustomer
ADDED from src\main\AndroidManifest.xml:162:5-93
	android:name
		ADDED from src\main\AndroidManifest.xml:162:22-90
permission#getui.permission.GetuiService.io.dcloud.jiahucustomer
ADDED from src\main\AndroidManifest.xml:164:5-166:44
	android:protectionLevel
		ADDED from src\main\AndroidManifest.xml:166:9-41
	android:name
		ADDED from src\main\AndroidManifest.xml:165:9-77
uses-permission#android.permission.BLUETOOTH
ADDED from src\main\AndroidManifest.xml:170:5-68
	android:name
		ADDED from src\main\AndroidManifest.xml:170:22-65
uses-permission#android.permission.BLUETOOTH_ADMIN
ADDED from src\main\AndroidManifest.xml:171:5-74
	android:name
		ADDED from src\main\AndroidManifest.xml:171:22-71
uses-permission#android.permission.BROADCAST_STICKY
ADDED from src\main\AndroidManifest.xml:173:5-74
	android:name
		ADDED from src\main\AndroidManifest.xml:173:22-72
uses-feature#0x00020000
ADDED from src\main\AndroidManifest.xml:176:5-78
	android:glEsVersion
		ADDED from src\main\AndroidManifest.xml:176:19-51
	android:required
		ADDED from src\main\AndroidManifest.xml:176:52-75
uses-permission#android.permission.ACCESS_MOCK_LOCATION
ADDED from src\main\AndroidManifest.xml:188:5-79
	android:name
		ADDED from src\main\AndroidManifest.xml:188:22-76
permission#io.dcloud.jiahucustomer.permission.RECEIVE_MSG
ADDED from src\main\AndroidManifest.xml:195:5-197:46
	android:protectionLevel
		ADDED from src\main\AndroidManifest.xml:197:9-44
	android:name
		ADDED from src\main\AndroidManifest.xml:196:9-70
uses-permission#io.dcloud.jiahucustomer.permission.RECEIVE_MSG
ADDED from src\main\AndroidManifest.xml:199:5-85
	android:name
		ADDED from src\main\AndroidManifest.xml:199:22-83
uses-permission#android.permission.CHANGE_NETWORK_STATE
ADDED from src\main\AndroidManifest.xml:210:5-79
	android:name
		ADDED from src\main\AndroidManifest.xml:210:22-76
uses-permission#android.permission.RECEIVE_USER_PRESENT
ADDED from src\main\AndroidManifest.xml:219:5-79
	android:name
		ADDED from src\main\AndroidManifest.xml:219:22-76
uses-permission#com.xiaomi.permission.AUTH_SERVICE
ADDED from src\main\AndroidManifest.xml:228:5-74
	android:name
		ADDED from src\main\AndroidManifest.xml:228:22-71
application
ADDED from src\main\AndroidManifest.xml:232:5-624:19
MERGED from [:avchatkit] AndroidManifest.xml:14:5-42:19
MERGED from [:avchatkit] AndroidManifest.xml:14:5-42:19
MERGED from [:faceunity] AndroidManifest.xml:9:5-13:19
MERGED from [:faceunity] AndroidManifest.xml:9:5-13:19
MERGED from [com.android.support:design:26.1.0] AndroidManifest.xml:25:5-29:19
MERGED from [com.android.support:design:26.1.0] AndroidManifest.xml:25:5-29:19
MERGED from [com.android.support:appcompat-v7:26.1.0] AndroidManifest.xml:25:5-29:19
MERGED from [com.android.support:appcompat-v7:26.1.0] AndroidManifest.xml:25:5-29:19
MERGED from [com.android.support.constraint:constraint-layout:1.1.2] AndroidManifest.xml:9:5-20
MERGED from [com.android.support.constraint:constraint-layout:1.1.2] AndroidManifest.xml:9:5-20
MERGED from [com.android.support:animated-vector-drawable:26.1.0] AndroidManifest.xml:22:5-26:19
MERGED from [com.android.support:animated-vector-drawable:26.1.0] AndroidManifest.xml:22:5-26:19
MERGED from [com.android.support:support-vector-drawable:26.1.0] AndroidManifest.xml:22:5-26:19
MERGED from [com.android.support:support-vector-drawable:26.1.0] AndroidManifest.xml:22:5-26:19
MERGED from [com.android.support:recyclerview-v7:26.1.0] AndroidManifest.xml:22:5-26:19
MERGED from [com.android.support:recyclerview-v7:26.1.0] AndroidManifest.xml:22:5-26:19
MERGED from [com.android.support:transition:26.1.0] AndroidManifest.xml:22:5-26:19
MERGED from [com.android.support:transition:26.1.0] AndroidManifest.xml:22:5-26:19
MERGED from [org.adw.library:discrete-seekbar:1.0.1] AndroidManifest.xml:27:5-28:19
MERGED from [org.adw.library:discrete-seekbar:1.0.1] AndroidManifest.xml:27:5-28:19
MERGED from [com.android.support:support-v4:26.1.0] AndroidManifest.xml:25:5-29:19
MERGED from [com.android.support:support-v4:26.1.0] AndroidManifest.xml:25:5-29:19
MERGED from [com.android.support:support-fragment:26.1.0] AndroidManifest.xml:25:5-29:19
MERGED from [com.android.support:support-fragment:26.1.0] AndroidManifest.xml:25:5-29:19
MERGED from [com.android.support:support-core-ui:26.1.0] AndroidManifest.xml:25:5-29:19
MERGED from [com.android.support:support-core-ui:26.1.0] AndroidManifest.xml:25:5-29:19
MERGED from [com.android.support:support-media-compat:26.1.0] AndroidManifest.xml:25:5-29:19
MERGED from [com.android.support:support-media-compat:26.1.0] AndroidManifest.xml:25:5-29:19
MERGED from [com.android.support:support-core-utils:26.1.0] AndroidManifest.xml:25:5-29:19
MERGED from [com.android.support:support-core-utils:26.1.0] AndroidManifest.xml:25:5-29:19
MERGED from [com.android.support:support-compat:26.1.0] AndroidManifest.xml:25:5-29:19
MERGED from [com.android.support:support-compat:26.1.0] AndroidManifest.xml:25:5-29:19
MERGED from [android.arch.lifecycle:runtime:1.0.0] AndroidManifest.xml:24:5-28:19
MERGED from [android.arch.lifecycle:runtime:1.0.0] AndroidManifest.xml:24:5-28:19
	android:supportsRtl
		ADDED from [:faceunity] AndroidManifest.xml:12:9-35
	android:label
		ADDED from src\main\AndroidManifest.xml:236:9-41
	android:allowClearUserData
		ADDED from src\main\AndroidManifest.xml:234:9-42
	android:allowBackup
		ADDED from [:faceunity] AndroidManifest.xml:10:9-35
	android:largeHeap
		ADDED from src\main\AndroidManifest.xml:237:9-33
	android:icon
		ADDED from src\main\AndroidManifest.xml:235:9-38
	android:name
		ADDED from src\main\AndroidManifest.xml:233:9-56
activity#io.dcloud.PandoraEntry
ADDED from src\main\AndroidManifest.xml:239:9-253:20
	android:screenOrientation
		ADDED from src\main\AndroidManifest.xml:245:13-45
	android:label
		ADDED from src\main\AndroidManifest.xml:243:13-45
	android:launchMode
		ADDED from src\main\AndroidManifest.xml:244:13-44
	android:hardwareAccelerated
		ADDED from src\main\AndroidManifest.xml:242:13-47
	android:windowSoftInputMode
		ADDED from src\main\AndroidManifest.xml:247:13-55
	android:configChanges
		ADDED from src\main\AndroidManifest.xml:241:13-83
	android:theme
		ADDED from src\main\AndroidManifest.xml:246:13-52
	android:name
		ADDED from src\main\AndroidManifest.xml:240:13-50
intent-filter#action:name:android.intent.action.MAIN+category:name:android.intent.category.LAUNCHER
ADDED from src\main\AndroidManifest.xml:248:13-252:29
action#android.intent.action.MAIN
ADDED from src\main\AndroidManifest.xml:249:17-69
	android:name
		ADDED from src\main\AndroidManifest.xml:249:25-66
category#android.intent.category.LAUNCHER
ADDED from src\main\AndroidManifest.xml:251:17-77
	android:name
		ADDED from src\main\AndroidManifest.xml:251:27-74
activity#io.dcloud.PandoraEntryActivity
ADDED from src\main\AndroidManifest.xml:254:9-262:67
	android:screenOrientation
		ADDED from src\main\AndroidManifest.xml:260:13-45
	android:label
		ADDED from src\main\AndroidManifest.xml:258:13-33
	android:launchMode
		ADDED from src\main\AndroidManifest.xml:259:13-44
	android:hardwareAccelerated
		ADDED from src\main\AndroidManifest.xml:257:13-47
	android:windowSoftInputMode
		ADDED from src\main\AndroidManifest.xml:262:13-55
	android:configChanges
		ADDED from src\main\AndroidManifest.xml:256:13-112
	android:theme
		ADDED from src\main\AndroidManifest.xml:261:13-47
	android:name
		ADDED from src\main\AndroidManifest.xml:255:13-58
service#io.dcloud.common.adapter.io.MiniServerService
ADDED from src\main\AndroidManifest.xml:264:9-266:39
	android:exported
		ADDED from src\main\AndroidManifest.xml:266:13-36
	android:name
		ADDED from src\main\AndroidManifest.xml:265:13-73
activity#io.dcloud.imagepick.CustomGalleryActivity
ADDED from src\main\AndroidManifest.xml:268:9-275:20
	android:name
		ADDED from src\main\AndroidManifest.xml:268:19-75
intent-filter#action:name:io.dcloud.ACTION_MULTIPLE_PICK+action:name:io.dcloud.ACTION_PICK+category:name:android.intent.category.DEFAULT
ADDED from src\main\AndroidManifest.xml:269:13-274:29
action#io.dcloud.ACTION_PICK
ADDED from src\main\AndroidManifest.xml:270:17-64
	android:name
		ADDED from src\main\AndroidManifest.xml:270:25-61
action#io.dcloud.ACTION_MULTIPLE_PICK
ADDED from src\main\AndroidManifest.xml:271:17-73
	android:name
		ADDED from src\main\AndroidManifest.xml:271:25-70
category#android.intent.category.DEFAULT
ADDED from src\main\AndroidManifest.xml:273:17-76
	android:name
		ADDED from src\main\AndroidManifest.xml:273:27-73
activity#io.dcloud.TestActivity
ADDED from src\main\AndroidManifest.xml:276:9-282:20
	android:name
		ADDED from src\main\AndroidManifest.xml:276:19-56
meta-data#UMENG_APPKEY
ADDED from src\main\AndroidManifest.xml:292:9-294:44
	android:value
		ADDED from src\main\AndroidManifest.xml:294:13-41
	android:name
		ADDED from src\main\AndroidManifest.xml:293:13-40
meta-data#UMENG_CHANNEL
ADDED from src\main\AndroidManifest.xml:295:9-297:42
	android:value
		ADDED from src\main\AndroidManifest.xml:297:13-39
	android:name
		ADDED from src\main\AndroidManifest.xml:296:13-41
meta-data#com.baidu.lbsapi.API_KEY
ADDED from src\main\AndroidManifest.xml:303:9-305:74
	android:value
		ADDED from src\main\AndroidManifest.xml:305:13-61
	android:name
		ADDED from src\main\AndroidManifest.xml:304:13-52
service#com.baidu.location.f
ADDED from src\main\AndroidManifest.xml:307:9-310:49
	android:process
		ADDED from src\main\AndroidManifest.xml:310:13-38
	android:enabled
		ADDED from src\main\AndroidManifest.xml:309:13-35
	android:name
		ADDED from src\main\AndroidManifest.xml:308:13-48
meta-data#com.amap.api.v2.apikey
ADDED from src\main\AndroidManifest.xml:315:9-317:46
	android:value
		ADDED from src\main\AndroidManifest.xml:317:13-43
	android:name
		ADDED from src\main\AndroidManifest.xml:316:13-50
meta-data#QQ_APPID
ADDED from src\main\AndroidManifest.xml:322:9-324:37
	android:value
		ADDED from src\main\AndroidManifest.xml:324:13-34
	android:name
		ADDED from src\main\AndroidManifest.xml:323:13-36
activity#com.tencent.tauth.AuthActivity
ADDED from src\main\AndroidManifest.xml:326:9-338:20
	android:launchMode
		ADDED from src\main\AndroidManifest.xml:328:13-44
	android:noHistory
		ADDED from src\main\AndroidManifest.xml:329:13-37
	android:name
		ADDED from src\main\AndroidManifest.xml:327:13-58
intent-filter#action:name:android.intent.action.VIEW+category:name:android.intent.category.BROWSABLE+category:name:android.intent.category.DEFAULT+data:scheme:appid
ADDED from src\main\AndroidManifest.xml:330:13-337:29
action#android.intent.action.VIEW
ADDED from src\main\AndroidManifest.xml:331:17-69
	android:name
		ADDED from src\main\AndroidManifest.xml:331:25-66
category#android.intent.category.BROWSABLE
ADDED from src\main\AndroidManifest.xml:334:17-78
	android:name
		ADDED from src\main\AndroidManifest.xml:334:27-75
data
ADDED from src\main\AndroidManifest.xml:336:17-48
	android:scheme
		ADDED from src\main\AndroidManifest.xml:336:23-45
activity#com.tencent.connect.common.AssistActivity
ADDED from src\main\AndroidManifest.xml:339:9-342:75
	android:screenOrientation
		ADDED from src\main\AndroidManifest.xml:341:13-49
	android:theme
		ADDED from src\main\AndroidManifest.xml:342:13-72
	android:name
		ADDED from src\main\AndroidManifest.xml:340:13-69
meta-data#IFLY_APPKEY
ADDED from src\main\AndroidManifest.xml:354:9-356:40
	android:value
		ADDED from src\main\AndroidManifest.xml:356:13-37
	android:name
		ADDED from src\main\AndroidManifest.xml:355:13-39
meta-data#PUSH_APPID
ADDED from src\main\AndroidManifest.xml:366:9-368:54
	android:value
		ADDED from src\main\AndroidManifest.xml:368:13-51
	android:name
		ADDED from src\main\AndroidManifest.xml:367:13-38
meta-data#PUSH_APPKEY
ADDED from src\main\AndroidManifest.xml:369:9-371:54
	android:value
		ADDED from src\main\AndroidManifest.xml:371:13-51
	android:name
		ADDED from src\main\AndroidManifest.xml:370:13-39
meta-data#PUSH_APPSECRET
ADDED from src\main\AndroidManifest.xml:372:9-374:54
	android:value
		ADDED from src\main\AndroidManifest.xml:374:13-51
	android:name
		ADDED from src\main\AndroidManifest.xml:373:13-42
service#com.igexin.sdk.PushService
ADDED from src\main\AndroidManifest.xml:376:9-384:19
	android:process
		ADDED from src\main\AndroidManifest.xml:380:13-43
	android:label
		ADDED from src\main\AndroidManifest.xml:379:13-47
	android:exported
		ADDED from src\main\AndroidManifest.xml:378:13-36
	android:name
		ADDED from src\main\AndroidManifest.xml:377:13-54
intent-filter#action:name:com.igexin.sdk.action.service.message
ADDED from src\main\AndroidManifest.xml:381:13-383:29
action#com.igexin.sdk.action.service.message
ADDED from src\main\AndroidManifest.xml:382:17-80
	android:name
		ADDED from src\main\AndroidManifest.xml:382:25-77
receiver#com.igexin.sdk.PushReceiver
ADDED from src\main\AndroidManifest.xml:385:9-395:20
	android:name
		ADDED from src\main\AndroidManifest.xml:385:19-61
intent-filter#action:name:android.intent.action.ACTION_POWER_CONNECTED+action:name:android.intent.action.ACTION_POWER_DISCONNECTED+action:name:android.intent.action.BOOT_COMPLETED+action:name:android.intent.action.MEDIA_MOUNTED+action:name:android.intent.action.USER_PRESENT+action:name:android.net.conn.CONNECTIVITY_CHANGE+action:name:com.igexin.sdk.action.refreshls
ADDED from src\main\AndroidManifest.xml:386:13-394:29
action#android.intent.action.BOOT_COMPLETED
ADDED from src\main\AndroidManifest.xml:387:17-79
	android:name
		ADDED from src\main\AndroidManifest.xml:387:25-76
action#android.net.conn.CONNECTIVITY_CHANGE
ADDED from src\main\AndroidManifest.xml:388:17-79
	android:name
		ADDED from src\main\AndroidManifest.xml:388:25-76
action#android.intent.action.USER_PRESENT
ADDED from src\main\AndroidManifest.xml:389:17-77
	android:name
		ADDED from src\main\AndroidManifest.xml:389:25-74
action#com.igexin.sdk.action.refreshls
ADDED from src\main\AndroidManifest.xml:390:17-74
	android:name
		ADDED from src\main\AndroidManifest.xml:390:25-71
action#android.intent.action.MEDIA_MOUNTED
ADDED from src\main\AndroidManifest.xml:391:17-78
	android:name
		ADDED from src\main\AndroidManifest.xml:391:25-75
action#android.intent.action.ACTION_POWER_CONNECTED
ADDED from src\main\AndroidManifest.xml:392:17-87
	android:name
		ADDED from src\main\AndroidManifest.xml:392:25-84
action#android.intent.action.ACTION_POWER_DISCONNECTED
ADDED from src\main\AndroidManifest.xml:393:17-90
	android:name
		ADDED from src\main\AndroidManifest.xml:393:25-87
activity#com.igexin.sdk.PushActivity
ADDED from src\main\AndroidManifest.xml:397:9-403:75
	android:process
		ADDED from src\main\AndroidManifest.xml:401:13-43
	android:excludeFromRecents
		ADDED from src\main\AndroidManifest.xml:399:13-46
	android:exported
		ADDED from src\main\AndroidManifest.xml:400:13-37
	android:theme
		ADDED from src\main\AndroidManifest.xml:403:13-72
	android:taskAffinity
		ADDED from src\main\AndroidManifest.xml:402:13-67
	android:name
		ADDED from src\main\AndroidManifest.xml:398:13-55
activity#com.igexin.sdk.GActivity
ADDED from src\main\AndroidManifest.xml:404:9-410:75
	android:process
		ADDED from src\main\AndroidManifest.xml:408:13-43
	android:excludeFromRecents
		ADDED from src\main\AndroidManifest.xml:406:13-46
	android:exported
		ADDED from src\main\AndroidManifest.xml:407:13-36
	android:theme
		ADDED from src\main\AndroidManifest.xml:410:13-72
	android:taskAffinity
		ADDED from src\main\AndroidManifest.xml:409:13-67
	android:name
		ADDED from src\main\AndroidManifest.xml:405:13-52
receiver#io.dcloud.feature.apsGt.GTNotificationReceiver
ADDED from src\main\AndroidManifest.xml:412:9-420:20
	android:name
		ADDED from src\main\AndroidManifest.xml:412:19-80
intent-filter#action:name:android.intent.action.BOOT_COMPLETED+action:name:io.dcloud.jiahucustomer.__CLEAR_NOTIFICATION+action:name:io.dcloud.jiahucustomer.__CLILK_NOTIFICATION+action:name:io.dcloud.jiahucustomer.__CREATE_NOTIFICATION+action:name:io.dcloud.jiahucustomer.__REMOVE_NOTIFICATION
ADDED from src\main\AndroidManifest.xml:413:13-419:29
action#io.dcloud.jiahucustomer.__CREATE_NOTIFICATION
ADDED from src\main\AndroidManifest.xml:415:17-88
	android:name
		ADDED from src\main\AndroidManifest.xml:415:25-85
action#io.dcloud.jiahucustomer.__REMOVE_NOTIFICATION
ADDED from src\main\AndroidManifest.xml:416:17-88
	android:name
		ADDED from src\main\AndroidManifest.xml:416:25-85
action#io.dcloud.jiahucustomer.__CLEAR_NOTIFICATION
ADDED from src\main\AndroidManifest.xml:417:17-87
	android:name
		ADDED from src\main\AndroidManifest.xml:417:25-84
action#io.dcloud.jiahucustomer.__CLILK_NOTIFICATION
ADDED from src\main\AndroidManifest.xml:418:17-87
	android:name
		ADDED from src\main\AndroidManifest.xml:418:25-84
service#io.dcloud.feature.apsGt.GTNormalIntentService
ADDED from src\main\AndroidManifest.xml:422:9-81
	android:name
		ADDED from src\main\AndroidManifest.xml:422:18-78
service#io.dcloud.feature.apsGt.GTNormalPushService
ADDED from src\main\AndroidManifest.xml:423:9-427:54
	android:process
		ADDED from src\main\AndroidManifest.xml:427:13-43
	android:label
		ADDED from src\main\AndroidManifest.xml:426:13-40
	android:exported
		ADDED from src\main\AndroidManifest.xml:425:13-36
	android:name
		ADDED from src\main\AndroidManifest.xml:424:13-71
meta-data#SINA_REDIRECT_URI
ADDED from src\main\AndroidManifest.xml:434:9-436:73
	android:value
		ADDED from src\main\AndroidManifest.xml:436:13-70
	android:name
		ADDED from src\main\AndroidManifest.xml:435:13-45
meta-data#SINA_SECRET
ADDED from src\main\AndroidManifest.xml:437:9-439:64
	android:value
		ADDED from src\main\AndroidManifest.xml:439:13-61
	android:name
		ADDED from src\main\AndroidManifest.xml:438:13-39
meta-data#SINA_APPKEY
ADDED from src\main\AndroidManifest.xml:440:9-442:43
	android:value
		ADDED from src\main\AndroidManifest.xml:442:13-40
	android:name
		ADDED from src\main\AndroidManifest.xml:441:13-39
activity#com.sina.weibo.sdk.web.WeiboSdkWebActivity
ADDED from src\main\AndroidManifest.xml:444:9-448:67
	android:windowSoftInputMode
		ADDED from src\main\AndroidManifest.xml:448:13-55
	android:exported
		ADDED from src\main\AndroidManifest.xml:447:13-37
	android:configChanges
		ADDED from src\main\AndroidManifest.xml:446:13-63
	android:name